<?xml version="1.0" encoding="UTF-8"?>
<testng-results skipped="0" failed="0" total="8" passed="8">
  <reporter-output>
  </reporter-output>
  <suite name="ArraysAndStrings" duration-ms="20" started-at="2018-07-17T05:09:29Z" finished-at="2018-07-17T05:09:29Z">
    <groups>
    </groups>
    <test name="arraysandstrings.problem1_uniquecharacters suite" duration-ms="20" started-at="2018-07-17T05:09:29Z" finished-at="2018-07-17T05:09:29Z">
      <class name="arraysandstrings.problem1_uniquecharacters.UniqueCharactersTest">
        <test-method status="PASS" signature="setUpClass()[pri:0, instance:arraysandstrings.problem1_uniquecharacters.UniqueCharactersTest@3f102e87]" name="setUpClass" is-config="true" duration-ms="5" started-at="2018-07-16T22:09:29Z" finished-at="2018-07-16T22:09:29Z">
          <reporter-output>
          </reporter-output>
        </test-method> <!-- setUpClass -->
        <test-method status="PASS" signature="setUpMethod()[pri:0, instance:arraysandstrings.problem1_uniquecharacters.UniqueCharactersTest@3f102e87]" name="setUpMethod" is-config="true" duration-ms="0" started-at="2018-07-16T22:09:29Z" finished-at="2018-07-16T22:09:29Z">
          <reporter-output>
          </reporter-output>
        </test-method> <!-- setUpMethod -->
        <test-method status="PASS" signature="isUniqueCharacters_1(java.lang.String, boolean)[pri:0, instance:arraysandstrings.problem1_uniquecharacters.UniqueCharactersTest@3f102e87]" name="isUniqueCharacters_1" duration-ms="1" started-at="2018-07-16T22:09:29Z" data-provider="inputoutput" finished-at="2018-07-16T22:09:29Z">
          <params>
            <param index="0">
              <value>
                <![CDATA[abcdefg]]>
              </value>
            </param>
            <param index="1">
              <value>
                <![CDATA[true]]>
              </value>
            </param>
          </params>
          <reporter-output>
          </reporter-output>
        </test-method> <!-- isUniqueCharacters_1 -->
        <test-method status="PASS" signature="tearDownMethod()[pri:0, instance:arraysandstrings.problem1_uniquecharacters.UniqueCharactersTest@3f102e87]" name="tearDownMethod" is-config="true" duration-ms="1" started-at="2018-07-16T22:09:29Z" finished-at="2018-07-16T22:09:29Z">
          <reporter-output>
          </reporter-output>
        </test-method> <!-- tearDownMethod -->
        <test-method status="PASS" signature="setUpMethod()[pri:0, instance:arraysandstrings.problem1_uniquecharacters.UniqueCharactersTest@3f102e87]" name="setUpMethod" is-config="true" duration-ms="1" started-at="2018-07-16T22:09:29Z" finished-at="2018-07-16T22:09:29Z">
          <reporter-output>
          </reporter-output>
        </test-method> <!-- setUpMethod -->
        <test-method status="PASS" signature="isUniqueCharacters_1(java.lang.String, boolean)[pri:0, instance:arraysandstrings.problem1_uniquecharacters.UniqueCharactersTest@3f102e87]" name="isUniqueCharacters_1" duration-ms="0" started-at="2018-07-16T22:09:29Z" data-provider="inputoutput" finished-at="2018-07-16T22:09:29Z">
          <params>
            <param index="0">
              <value>
                <![CDATA[abdddef]]>
              </value>
            </param>
            <param index="1">
              <value>
                <![CDATA[false]]>
              </value>
            </param>
          </params>
          <reporter-output>
          </reporter-output>
        </test-method> <!-- isUniqueCharacters_1 -->
        <test-method status="PASS" signature="tearDownMethod()[pri:0, instance:arraysandstrings.problem1_uniquecharacters.UniqueCharactersTest@3f102e87]" name="tearDownMethod" is-config="true" duration-ms="0" started-at="2018-07-16T22:09:29Z" finished-at="2018-07-16T22:09:29Z">
          <reporter-output>
          </reporter-output>
        </test-method> <!-- tearDownMethod -->
        <test-method status="PASS" signature="setUpMethod()[pri:0, instance:arraysandstrings.problem1_uniquecharacters.UniqueCharactersTest@3f102e87]" name="setUpMethod" is-config="true" duration-ms="0" started-at="2018-07-16T22:09:29Z" finished-at="2018-07-16T22:09:29Z">
          <reporter-output>
          </reporter-output>
        </test-method> <!-- setUpMethod -->
        <test-method status="PASS" signature="isUniqueCharacters_1(java.lang.String, boolean)[pri:0, instance:arraysandstrings.problem1_uniquecharacters.UniqueCharactersTest@3f102e87]" name="isUniqueCharacters_1" duration-ms="0" started-at="2018-07-16T22:09:29Z" data-provider="inputoutput" finished-at="2018-07-16T22:09:29Z">
          <params>
            <param index="0">
              <value>
                <![CDATA[aabcdki]]>
              </value>
            </param>
            <param index="1">
              <value>
                <![CDATA[false]]>
              </value>
            </param>
          </params>
          <reporter-output>
          </reporter-output>
        </test-method> <!-- isUniqueCharacters_1 -->
        <test-method status="PASS" signature="tearDownMethod()[pri:0, instance:arraysandstrings.problem1_uniquecharacters.UniqueCharactersTest@3f102e87]" name="tearDownMethod" is-config="true" duration-ms="0" started-at="2018-07-16T22:09:29Z" finished-at="2018-07-16T22:09:29Z">
          <reporter-output>
          </reporter-output>
        </test-method> <!-- tearDownMethod -->
        <test-method status="PASS" signature="setUpMethod()[pri:0, instance:arraysandstrings.problem1_uniquecharacters.UniqueCharactersTest@3f102e87]" name="setUpMethod" is-config="true" duration-ms="0" started-at="2018-07-16T22:09:29Z" finished-at="2018-07-16T22:09:29Z">
          <reporter-output>
          </reporter-output>
        </test-method> <!-- setUpMethod -->
        <test-method status="PASS" signature="isUniqueCharacters_1(java.lang.String, boolean)[pri:0, instance:arraysandstrings.problem1_uniquecharacters.UniqueCharactersTest@3f102e87]" name="isUniqueCharacters_1" duration-ms="1" started-at="2018-07-16T22:09:29Z" data-provider="inputoutput" finished-at="2018-07-16T22:09:29Z">
          <params>
            <param index="0">
              <value>
                <![CDATA[abcdee]]>
              </value>
            </param>
            <param index="1">
              <value>
                <![CDATA[false]]>
              </value>
            </param>
          </params>
          <reporter-output>
          </reporter-output>
        </test-method> <!-- isUniqueCharacters_1 -->
        <test-method status="PASS" signature="tearDownMethod()[pri:0, instance:arraysandstrings.problem1_uniquecharacters.UniqueCharactersTest@3f102e87]" name="tearDownMethod" is-config="true" duration-ms="0" started-at="2018-07-16T22:09:29Z" finished-at="2018-07-16T22:09:29Z">
          <reporter-output>
          </reporter-output>
        </test-method> <!-- tearDownMethod -->
        <test-method status="PASS" signature="setUpMethod()[pri:0, instance:arraysandstrings.problem1_uniquecharacters.UniqueCharactersTest@3f102e87]" name="setUpMethod" is-config="true" duration-ms="0" started-at="2018-07-16T22:09:29Z" finished-at="2018-07-16T22:09:29Z">
          <reporter-output>
          </reporter-output>
        </test-method> <!-- setUpMethod -->
        <test-method status="PASS" signature="isUniqueCharacters_2(java.lang.String, boolean)[pri:0, instance:arraysandstrings.problem1_uniquecharacters.UniqueCharactersTest@3f102e87]" name="isUniqueCharacters_2" duration-ms="0" started-at="2018-07-16T22:09:29Z" data-provider="inputoutput" finished-at="2018-07-16T22:09:29Z">
          <params>
            <param index="0">
              <value>
                <![CDATA[abcdefg]]>
              </value>
            </param>
            <param index="1">
              <value>
                <![CDATA[true]]>
              </value>
            </param>
          </params>
          <reporter-output>
          </reporter-output>
        </test-method> <!-- isUniqueCharacters_2 -->
        <test-method status="PASS" signature="isUniqueCharacters_2(java.lang.String, boolean)[pri:0, instance:arraysandstrings.problem1_uniquecharacters.UniqueCharactersTest@3f102e87]" name="isUniqueCharacters_2" duration-ms="0" started-at="2018-07-16T22:09:29Z" data-provider="inputoutput" finished-at="2018-07-16T22:09:29Z">
          <params>
            <param index="0">
              <value>
                <![CDATA[abdddef]]>
              </value>
            </param>
            <param index="1">
              <value>
                <![CDATA[false]]>
              </value>
            </param>
          </params>
          <reporter-output>
          </reporter-output>
        </test-method> <!-- isUniqueCharacters_2 -->
        <test-method status="PASS" signature="tearDownMethod()[pri:0, instance:arraysandstrings.problem1_uniquecharacters.UniqueCharactersTest@3f102e87]" name="tearDownMethod" is-config="true" duration-ms="0" started-at="2018-07-16T22:09:29Z" finished-at="2018-07-16T22:09:29Z">
          <reporter-output>
          </reporter-output>
        </test-method> <!-- tearDownMethod -->
        <test-method status="PASS" signature="setUpMethod()[pri:0, instance:arraysandstrings.problem1_uniquecharacters.UniqueCharactersTest@3f102e87]" name="setUpMethod" is-config="true" duration-ms="0" started-at="2018-07-16T22:09:29Z" finished-at="2018-07-16T22:09:29Z">
          <reporter-output>
          </reporter-output>
        </test-method> <!-- setUpMethod -->
        <test-method status="PASS" signature="tearDownMethod()[pri:0, instance:arraysandstrings.problem1_uniquecharacters.UniqueCharactersTest@3f102e87]" name="tearDownMethod" is-config="true" duration-ms="0" started-at="2018-07-16T22:09:29Z" finished-at="2018-07-16T22:09:29Z">
          <reporter-output>
          </reporter-output>
        </test-method> <!-- tearDownMethod -->
        <test-method status="PASS" signature="isUniqueCharacters_2(java.lang.String, boolean)[pri:0, instance:arraysandstrings.problem1_uniquecharacters.UniqueCharactersTest@3f102e87]" name="isUniqueCharacters_2" duration-ms="0" started-at="2018-07-16T22:09:29Z" data-provider="inputoutput" finished-at="2018-07-16T22:09:29Z">
          <params>
            <param index="0">
              <value>
                <![CDATA[aabcdki]]>
              </value>
            </param>
            <param index="1">
              <value>
                <![CDATA[false]]>
              </value>
            </param>
          </params>
          <reporter-output>
          </reporter-output>
        </test-method> <!-- isUniqueCharacters_2 -->
        <test-method status="PASS" signature="tearDownMethod()[pri:0, instance:arraysandstrings.problem1_uniquecharacters.UniqueCharactersTest@3f102e87]" name="tearDownMethod" is-config="true" duration-ms="0" started-at="2018-07-16T22:09:29Z" finished-at="2018-07-16T22:09:29Z">
          <reporter-output>
          </reporter-output>
        </test-method> <!-- tearDownMethod -->
        <test-method status="PASS" signature="setUpMethod()[pri:0, instance:arraysandstrings.problem1_uniquecharacters.UniqueCharactersTest@3f102e87]" name="setUpMethod" is-config="true" duration-ms="0" started-at="2018-07-16T22:09:29Z" finished-at="2018-07-16T22:09:29Z">
          <reporter-output>
          </reporter-output>
        </test-method> <!-- setUpMethod -->
        <test-method status="PASS" signature="setUpMethod()[pri:0, instance:arraysandstrings.problem1_uniquecharacters.UniqueCharactersTest@3f102e87]" name="setUpMethod" is-config="true" duration-ms="0" started-at="2018-07-16T22:09:29Z" finished-at="2018-07-16T22:09:29Z">
          <reporter-output>
          </reporter-output>
        </test-method> <!-- setUpMethod -->
        <test-method status="PASS" signature="tearDownClass()[pri:0, instance:arraysandstrings.problem1_uniquecharacters.UniqueCharactersTest@3f102e87]" name="tearDownClass" is-config="true" duration-ms="0" started-at="2018-07-16T22:09:29Z" finished-at="2018-07-16T22:09:29Z">
          <reporter-output>
          </reporter-output>
        </test-method> <!-- tearDownClass -->
        <test-method status="PASS" signature="tearDownMethod()[pri:0, instance:arraysandstrings.problem1_uniquecharacters.UniqueCharactersTest@3f102e87]" name="tearDownMethod" is-config="true" duration-ms="0" started-at="2018-07-16T22:09:29Z" finished-at="2018-07-16T22:09:29Z">
          <reporter-output>
          </reporter-output>
        </test-method> <!-- tearDownMethod -->
        <test-method status="PASS" signature="isUniqueCharacters_2(java.lang.String, boolean)[pri:0, instance:arraysandstrings.problem1_uniquecharacters.UniqueCharactersTest@3f102e87]" name="isUniqueCharacters_2" duration-ms="0" started-at="2018-07-16T22:09:29Z" data-provider="inputoutput" finished-at="2018-07-16T22:09:29Z">
          <params>
            <param index="0">
              <value>
                <![CDATA[abcdee]]>
              </value>
            </param>
            <param index="1">
              <value>
                <![CDATA[false]]>
              </value>
            </param>
          </params>
          <reporter-output>
          </reporter-output>
        </test-method> <!-- isUniqueCharacters_2 -->
      </class> <!-- arraysandstrings.problem1_uniquecharacters.UniqueCharactersTest -->
    </test> <!-- arraysandstrings.problem1_uniquecharacters suite -->
  </suite> <!-- ArraysAndStrings -->
</testng-results>
