<?xml version="1.0" encoding="UTF-8"?>
<testng-results skipped="0" failed="0" total="17" passed="17">
  <reporter-output>
  </reporter-output>
  <suite name="ArraysAndStrings" duration-ms="19" started-at="2018-07-17T06:38:22Z" finished-at="2018-07-17T06:38:22Z">
    <groups>
    </groups>
    <test name="Arrays and Strings test suite" duration-ms="19" started-at="2018-07-17T06:38:22Z" finished-at="2018-07-17T06:38:22Z">
      <class name="arraysandstrings.problem3_urlify.URLifierTest">
        <test-method status="PASS" signature="URLifyTest(java.lang.String, int, java.lang.String)[pri:0, instance:arraysandstrings.problem3_urlify.URLifierTest@6c629d6e]" name="URLifyTest" duration-ms="1" started-at="2018-07-16T23:38:22Z" data-provider="inputoutput" finished-at="2018-07-16T23:38:22Z">
          <params>
            <param index="0">
              <value>
                <![CDATA[first test  ]]>
              </value>
            </param>
            <param index="1">
              <value>
                <![CDATA[10]]>
              </value>
            </param>
            <param index="2">
              <value>
                <![CDATA[first%20test]]>
              </value>
            </param>
          </params>
          <reporter-output>
          </reporter-output>
        </test-method> <!-- URLifyTest -->
      </class> <!-- arraysandstrings.problem3_urlify.URLifierTest -->
      <class name="arraysandstrings.problem2_permutation.StringPermutationCheckerTest">
        <test-method status="PASS" signature="isPermutationTest_1(java.lang.String, java.lang.String, boolean)[pri:0, instance:arraysandstrings.problem2_permutation.StringPermutationCheckerTest@4fccd51b]" name="isPermutationTest_1" duration-ms="1" started-at="2018-07-16T23:38:22Z" data-provider="inputoutput" finished-at="2018-07-16T23:38:22Z">
          <params>
            <param index="0">
              <value>
                <![CDATA[abc]]>
              </value>
            </param>
            <param index="1">
              <value>
                <![CDATA[cab]]>
              </value>
            </param>
            <param index="2">
              <value>
                <![CDATA[true]]>
              </value>
            </param>
          </params>
          <reporter-output>
          </reporter-output>
        </test-method> <!-- isPermutationTest_1 -->
        <test-method status="PASS" signature="isPermutationTest_1(java.lang.String, java.lang.String, boolean)[pri:0, instance:arraysandstrings.problem2_permutation.StringPermutationCheckerTest@4fccd51b]" name="isPermutationTest_1" duration-ms="0" started-at="2018-07-16T23:38:22Z" data-provider="inputoutput" finished-at="2018-07-16T23:38:22Z">
          <params>
            <param index="0">
              <value>
                <![CDATA[abd]]>
              </value>
            </param>
            <param index="1">
              <value>
                <![CDATA[bda]]>
              </value>
            </param>
            <param index="2">
              <value>
                <![CDATA[true]]>
              </value>
            </param>
          </params>
          <reporter-output>
          </reporter-output>
        </test-method> <!-- isPermutationTest_1 -->
        <test-method status="PASS" signature="isPermutationTest_1(java.lang.String, java.lang.String, boolean)[pri:0, instance:arraysandstrings.problem2_permutation.StringPermutationCheckerTest@4fccd51b]" name="isPermutationTest_1" duration-ms="0" started-at="2018-07-16T23:38:22Z" data-provider="inputoutput" finished-at="2018-07-16T23:38:22Z">
          <params>
            <param index="0">
              <value>
                <![CDATA[abcd]]>
              </value>
            </param>
            <param index="1">
              <value>
                <![CDATA[abc]]>
              </value>
            </param>
            <param index="2">
              <value>
                <![CDATA[false]]>
              </value>
            </param>
          </params>
          <reporter-output>
          </reporter-output>
        </test-method> <!-- isPermutationTest_1 -->
        <test-method status="PASS" signature="isPermutationTest_1(java.lang.String, java.lang.String, boolean)[pri:0, instance:arraysandstrings.problem2_permutation.StringPermutationCheckerTest@4fccd51b]" name="isPermutationTest_1" duration-ms="0" started-at="2018-07-16T23:38:22Z" data-provider="inputoutput" finished-at="2018-07-16T23:38:22Z">
          <params>
            <param index="0">
              <value>
                <![CDATA[aaaaaaaaaaaa]]>
              </value>
            </param>
            <param index="1">
              <value>
                <![CDATA[aaaaaa]]>
              </value>
            </param>
            <param index="2">
              <value>
                <![CDATA[false]]>
              </value>
            </param>
          </params>
          <reporter-output>
          </reporter-output>
        </test-method> <!-- isPermutationTest_1 -->
        <test-method status="PASS" signature="isPermutationTest_2(java.lang.String, java.lang.String, boolean)[pri:0, instance:arraysandstrings.problem2_permutation.StringPermutationCheckerTest@4fccd51b]" name="isPermutationTest_2" duration-ms="0" started-at="2018-07-16T23:38:22Z" data-provider="inputoutput" finished-at="2018-07-16T23:38:22Z">
          <params>
            <param index="0">
              <value>
                <![CDATA[abd]]>
              </value>
            </param>
            <param index="1">
              <value>
                <![CDATA[bda]]>
              </value>
            </param>
            <param index="2">
              <value>
                <![CDATA[true]]>
              </value>
            </param>
          </params>
          <reporter-output>
          </reporter-output>
        </test-method> <!-- isPermutationTest_2 -->
        <test-method status="PASS" signature="isPermutationTest_2(java.lang.String, java.lang.String, boolean)[pri:0, instance:arraysandstrings.problem2_permutation.StringPermutationCheckerTest@4fccd51b]" name="isPermutationTest_2" duration-ms="1" started-at="2018-07-16T23:38:22Z" data-provider="inputoutput" finished-at="2018-07-16T23:38:22Z">
          <params>
            <param index="0">
              <value>
                <![CDATA[abcd]]>
              </value>
            </param>
            <param index="1">
              <value>
                <![CDATA[abc]]>
              </value>
            </param>
            <param index="2">
              <value>
                <![CDATA[false]]>
              </value>
            </param>
          </params>
          <reporter-output>
          </reporter-output>
        </test-method> <!-- isPermutationTest_2 -->
        <test-method status="PASS" signature="isPermutationTest_2(java.lang.String, java.lang.String, boolean)[pri:0, instance:arraysandstrings.problem2_permutation.StringPermutationCheckerTest@4fccd51b]" name="isPermutationTest_2" duration-ms="0" started-at="2018-07-16T23:38:22Z" data-provider="inputoutput" finished-at="2018-07-16T23:38:22Z">
          <params>
            <param index="0">
              <value>
                <![CDATA[abc]]>
              </value>
            </param>
            <param index="1">
              <value>
                <![CDATA[cab]]>
              </value>
            </param>
            <param index="2">
              <value>
                <![CDATA[true]]>
              </value>
            </param>
          </params>
          <reporter-output>
          </reporter-output>
        </test-method> <!-- isPermutationTest_2 -->
        <test-method status="PASS" signature="isPermutationTest_2(java.lang.String, java.lang.String, boolean)[pri:0, instance:arraysandstrings.problem2_permutation.StringPermutationCheckerTest@4fccd51b]" name="isPermutationTest_2" duration-ms="0" started-at="2018-07-16T23:38:22Z" data-provider="inputoutput" finished-at="2018-07-16T23:38:22Z">
          <params>
            <param index="0">
              <value>
                <![CDATA[aaaaaaaaaaaa]]>
              </value>
            </param>
            <param index="1">
              <value>
                <![CDATA[aaaaaa]]>
              </value>
            </param>
            <param index="2">
              <value>
                <![CDATA[false]]>
              </value>
            </param>
          </params>
          <reporter-output>
          </reporter-output>
        </test-method> <!-- isPermutationTest_2 -->
      </class> <!-- arraysandstrings.problem2_permutation.StringPermutationCheckerTest -->
      <class name="arraysandstrings.problem1_uniquecharacters.UniqueCharactersTest">
        <test-method status="PASS" signature="isUniqueCharacters_1(java.lang.String, boolean)[pri:0, instance:arraysandstrings.problem1_uniquecharacters.UniqueCharactersTest@1517365b]" name="isUniqueCharacters_1" duration-ms="4" started-at="2018-07-16T23:38:22Z" data-provider="inputoutput" finished-at="2018-07-16T23:38:22Z">
          <params>
            <param index="0">
              <value>
                <![CDATA[abcdefg]]>
              </value>
            </param>
            <param index="1">
              <value>
                <![CDATA[true]]>
              </value>
            </param>
          </params>
          <reporter-output>
          </reporter-output>
        </test-method> <!-- isUniqueCharacters_1 -->
        <test-method status="PASS" signature="isUniqueCharacters_1(java.lang.String, boolean)[pri:0, instance:arraysandstrings.problem1_uniquecharacters.UniqueCharactersTest@1517365b]" name="isUniqueCharacters_1" duration-ms="0" started-at="2018-07-16T23:38:22Z" data-provider="inputoutput" finished-at="2018-07-16T23:38:22Z">
          <params>
            <param index="0">
              <value>
                <![CDATA[abdddef]]>
              </value>
            </param>
            <param index="1">
              <value>
                <![CDATA[false]]>
              </value>
            </param>
          </params>
          <reporter-output>
          </reporter-output>
        </test-method> <!-- isUniqueCharacters_1 -->
        <test-method status="PASS" signature="isUniqueCharacters_1(java.lang.String, boolean)[pri:0, instance:arraysandstrings.problem1_uniquecharacters.UniqueCharactersTest@1517365b]" name="isUniqueCharacters_1" duration-ms="0" started-at="2018-07-16T23:38:22Z" data-provider="inputoutput" finished-at="2018-07-16T23:38:22Z">
          <params>
            <param index="0">
              <value>
                <![CDATA[aabcdki]]>
              </value>
            </param>
            <param index="1">
              <value>
                <![CDATA[false]]>
              </value>
            </param>
          </params>
          <reporter-output>
          </reporter-output>
        </test-method> <!-- isUniqueCharacters_1 -->
        <test-method status="PASS" signature="isUniqueCharacters_1(java.lang.String, boolean)[pri:0, instance:arraysandstrings.problem1_uniquecharacters.UniqueCharactersTest@1517365b]" name="isUniqueCharacters_1" duration-ms="0" started-at="2018-07-16T23:38:22Z" data-provider="inputoutput" finished-at="2018-07-16T23:38:22Z">
          <params>
            <param index="0">
              <value>
                <![CDATA[abcdee]]>
              </value>
            </param>
            <param index="1">
              <value>
                <![CDATA[false]]>
              </value>
            </param>
          </params>
          <reporter-output>
          </reporter-output>
        </test-method> <!-- isUniqueCharacters_1 -->
        <test-method status="PASS" signature="isUniqueCharacters_2(java.lang.String, boolean)[pri:0, instance:arraysandstrings.problem1_uniquecharacters.UniqueCharactersTest@1517365b]" name="isUniqueCharacters_2" duration-ms="0" started-at="2018-07-16T23:38:22Z" data-provider="inputoutput" finished-at="2018-07-16T23:38:22Z">
          <params>
            <param index="0">
              <value>
                <![CDATA[abcdefg]]>
              </value>
            </param>
            <param index="1">
              <value>
                <![CDATA[true]]>
              </value>
            </param>
          </params>
          <reporter-output>
          </reporter-output>
        </test-method> <!-- isUniqueCharacters_2 -->
        <test-method status="PASS" signature="isUniqueCharacters_2(java.lang.String, boolean)[pri:0, instance:arraysandstrings.problem1_uniquecharacters.UniqueCharactersTest@1517365b]" name="isUniqueCharacters_2" duration-ms="0" started-at="2018-07-16T23:38:22Z" data-provider="inputoutput" finished-at="2018-07-16T23:38:22Z">
          <params>
            <param index="0">
              <value>
                <![CDATA[abdddef]]>
              </value>
            </param>
            <param index="1">
              <value>
                <![CDATA[false]]>
              </value>
            </param>
          </params>
          <reporter-output>
          </reporter-output>
        </test-method> <!-- isUniqueCharacters_2 -->
        <test-method status="PASS" signature="isUniqueCharacters_2(java.lang.String, boolean)[pri:0, instance:arraysandstrings.problem1_uniquecharacters.UniqueCharactersTest@1517365b]" name="isUniqueCharacters_2" duration-ms="1" started-at="2018-07-16T23:38:22Z" data-provider="inputoutput" finished-at="2018-07-16T23:38:22Z">
          <params>
            <param index="0">
              <value>
                <![CDATA[abcdee]]>
              </value>
            </param>
            <param index="1">
              <value>
                <![CDATA[false]]>
              </value>
            </param>
          </params>
          <reporter-output>
          </reporter-output>
        </test-method> <!-- isUniqueCharacters_2 -->
        <test-method status="PASS" signature="isUniqueCharacters_2(java.lang.String, boolean)[pri:0, instance:arraysandstrings.problem1_uniquecharacters.UniqueCharactersTest@1517365b]" name="isUniqueCharacters_2" duration-ms="0" started-at="2018-07-16T23:38:22Z" data-provider="inputoutput" finished-at="2018-07-16T23:38:22Z">
          <params>
            <param index="0">
              <value>
                <![CDATA[aabcdki]]>
              </value>
            </param>
            <param index="1">
              <value>
                <![CDATA[false]]>
              </value>
            </param>
          </params>
          <reporter-output>
          </reporter-output>
        </test-method> <!-- isUniqueCharacters_2 -->
      </class> <!-- arraysandstrings.problem1_uniquecharacters.UniqueCharactersTest -->
    </test> <!-- Arrays and Strings test suite -->
  </suite> <!-- ArraysAndStrings -->
</testng-results>
